Current directory is: /home/groups/menon/oak/scsnlscripts/spm/GroupStats
------------------------------------------------------------------

config = 

  <a href="matlab:helpPopup struct" style="font-weight:bold">struct</a> with fields:

              subject: [2×10 char]
          sessionlist: '/scratch/PI/menon/projects/jnichola/2017/script_testing/sessionlist.txt'
              datadir: '/home/groups/menon/oak/rawdata/scsnl'
        pipeline_type: 'swar'
          project_dir: '/home/groups/menon/oak/projects/jnichola/testproject'
      taskdesign_file: 'task_design_test.m'
        contrast_file: 'contrasts.mat'
     movement_include: 1
            fmri_type: 'taskfmri'
            stats_dir: 'stats_spm8'
     preprocessed_dir: 'smoothed_spm8'
           image_type: 'nii'
     volpipeline_type: 'swavr'
      volrepaired_dir: 'volrepair_spm8'
    repairedstats_dir: 'stats_spm8_VolRepair'
    volrepair_include: 0
         template_dir: '/home/groups/menon/oak/scsnlscripts/spm/BatchTemplates'


fmri_type =

    'taskfmri'

-------------- Contents of the Parameter List --------------------
              subject: [2×10 char]
          sessionlist: '/scratch/PI/menon/projects/jnichola/2017/script_testing/sessionlist.txt'
              datadir: '/home/groups/menon/oak/rawdata/scsnl'
        pipeline_type: 'swar'
          project_dir: '/home/groups/menon/oak/projects/jnichola/testproject'
      taskdesign_file: 'task_design_test.m'
        contrast_file: 'contrasts.mat'
     movement_include: 1
            fmri_type: 'taskfmri'
            stats_dir: 'stats_spm8'
     preprocessed_dir: 'smoothed_spm8'
           image_type: 'nii'
     volpipeline_type: 'swavr'
      volrepaired_dir: 'volrepair_spm8'
    repairedstats_dir: 'stats_spm8_VolRepair'
    volrepair_include: 0
         template_dir: '/home/groups/menon/oak/scsnlscripts/spm/BatchTemplates'

------------------------------------------------------------------
>>>>>>>>>>>>>>>>>>>>>>>>>>>>>>>>>>>>>>>>>>>>>>>>>>>>>>>>>>>>>>>>
Processing subjects: 11-01-08.2
<a href="matlab: opentoline('/home/groups/menon/oak/scsnlscripts/spm/IndividualStats/multi_individualstats.m',166,1)">166 </a>    pfolder{paircnt} = ['20',subjects{paircnt}{subcnt}(1:2)];
paircnt

paircnt =

     1

subcnt

subcnt =

     1

subjects

subjects =

  1×2 <a href="matlab:helpPopup cell" style="font-weight:bold">cell</a> array

    '11-01-08.2'    '11-03-11.1'

subjects{1}

ans =

    '11-01-08.2'

subjects{1}

ans =

    '11-01-08.2'

subjectlist

subjectlist =

  1×2 <a href="matlab:helpPopup cell" style="font-weight:bold">cell</a> array

    '11-01-08.2'    '11-03-11.1'

{subjectlist}

ans =

  <a href="matlab:helpPopup cell" style="font-weight:bold">cell</a>

    {1×2 cell}

multi_individualstats(config)
==================================================================
fMRI Multisession IndividualStats start at 2017/06/07 17:02:45 
==================================================================
