Current directory is: /home/groups/menon/oak/scsnlscripts/spm/GroupStats
------------------------------------------------------------------

config = 

  <a href="matlab:helpPopup struct" style="font-weight:bold">struct</a> with fields:

              subject: [2×10 char]
          sessionlist: '/scratch/PI/menon/projects/jnichola/2017/script_testing/sessionlist.txt'
              datadir: '/home/groups/menon/oak/rawdata/scsnl'
        pipeline_type: 'swar'
          project_dir: '/home/groups/menon/oak/projects/jnichola/testproject'
      taskdesign_file: 'task_design_test.m'
        contrast_file: 'contrasts.mat'
     movement_include: 1
            fmri_type: 'taskfmri'
            stats_dir: 'stats_spm8'
     preprocessed_dir: 'smoothed_spm8'
           image_type: 'nii'
     volpipeline_type: 'swavr'
      volrepaired_dir: 'volrepair_spm8'
    repairedstats_dir: 'stats_spm8_VolRepair'
    volrepair_include: 0
         template_dir: '/home/groups/menon/oak/scsnlscripts/spm/BatchTemplates'


fmri_type =

    'taskfmri'

-------------- Contents of the Parameter List --------------------
              subject: [2×10 char]
          sessionlist: '/scratch/PI/menon/projects/jnichola/2017/script_testing/sessionlist.txt'
              datadir: '/home/groups/menon/oak/rawdata/scsnl'
        pipeline_type: 'swar'
          project_dir: '/home/groups/menon/oak/projects/jnichola/testproject'
      taskdesign_file: 'task_design_test.m'
        contrast_file: 'contrasts.mat'
     movement_include: 1
            fmri_type: 'taskfmri'
            stats_dir: 'stats_spm8'
     preprocessed_dir: 'smoothed_spm8'
           image_type: 'nii'
     volpipeline_type: 'swavr'
      volrepaired_dir: 'volrepair_spm8'
    repairedstats_dir: 'stats_spm8_VolRepair'
    volrepair_include: 0
         template_dir: '/home/groups/menon/oak/scsnlscripts/spm/BatchTemplates'

------------------------------------------------------------------
>>>>>>>>>>>>>>>>>>>>>>>>>>>>>>>>>>>>>>>>>>>>>>>>>>>>>>>>>>>>>>>>
Processing subjects:<a href="matlab: opentoline('/home/groups/menon/oak/scsnlscripts/spm/IndividualStats/multi_individualstats.m',154,1)">154 </a>    fprintf(' %s', subjects{pcnt}{subcnt});
subcnt

subcnt =

     1

subjects

subjects =

  1×2 <a href="matlab:helpPopup cell" style="font-weight:bold">cell</a> array

    '11-01-08.2'    '11-03-11.1'

pcnt

pcnt =

     1

subjects{i}

ans =

    '11-03-11.1'

subjects{pcnt}

ans =

    '11-01-08.2'

subjects{pcnt}{subcnt}
{Cell contents reference from a non-cell array object.
} 
subcnt

subcnt =

     1

subjects

subjects =

  1×2 <a href="matlab:helpPopup cell" style="font-weight:bold">cell</a> array

    '11-01-08.2'    '11-03-11.1'

subjects{1}

ans =

    '11-01-08.2'

multi_individualstats(c)
==================================================================
fMRI Multisession IndividualStats start at 2017/06/07 16:47:30 
==================================================================
