Current directory is: /home/groups/menon/oak/scsnlscripts/spm/GroupStats
------------------------------------------------------------------

config = 

  <a href="matlab:helpPopup struct" style="font-weight:bold">struct</a> with fields:

              subject: [2×10 char]
          sessionlist: '/scratch/PI/menon/projects/jnichola/2017/script_testing/sessionlist.txt'
              datadir: '/home/groups/menon/oak/rawdata/scsnl'
        pipeline_type: 'swar'
          project_dir: '/home/groups/menon/oak/projects/jnichola/testproject'
      taskdesign_file: 'task_design_test.m'
        contrast_file: 'contrasts.mat'
     movement_include: 1
            fmri_type: 'taskfmri'
            stats_dir: 'stats_spm8'
     preprocessed_dir: 'smoothed_spm8'
           image_type: 'nii'
     volpipeline_type: 'swavr'
      volrepaired_dir: 'volrepair_spm8'
    repairedstats_dir: 'stats_spm8_VolRepair'
    volrepair_include: 0
         template_dir: '/home/groups/menon/oak/scsnlscripts/spm/BatchTemplates'


fmri_type =

    'taskfmri'

-------------- Contents of the Parameter List --------------------
              subject: [2×10 char]
          sessionlist: '/scratch/PI/menon/projects/jnichola/2017/script_testing/sessionlist.txt'
              datadir: '/home/groups/menon/oak/rawdata/scsnl'
        pipeline_type: 'swar'
          project_dir: '/home/groups/menon/oak/projects/jnichola/testproject'
      taskdesign_file: 'task_design_test.m'
        contrast_file: 'contrasts.mat'
     movement_include: 1
            fmri_type: 'taskfmri'
            stats_dir: 'stats_spm8'
     preprocessed_dir: 'smoothed_spm8'
           image_type: 'nii'
     volpipeline_type: 'swavr'
      volrepaired_dir: 'volrepair_spm8'
    repairedstats_dir: 'stats_spm8_VolRepair'
    volrepair_include: 0
         template_dir: '/home/groups/menon/oak/scsnlscripts/spm/BatchTemplates'

------------------------------------------------------------------
<a href="matlab: opentoline('/home/groups/menon/oak/scsnlscripts/spm/IndividualStats/multi_individualstats.m',75,1)">75  </a>for i = 1:numpair
subjectlist

subjectlist =

  1×2 <a href="matlab:helpPopup cell" style="font-weight:bold">cell</a> array

    '11-01-08.2'    '11-03-11.1'

subjects

subjects =

  1×2 <a href="matlab:helpPopup cell" style="font-weight:bold">cell</a> array

    []    []

ReadList(subjectlist{i})
{Subscript indices must either be real positive integers or logicals.
} 
subjectlist{i}
{Subscript indices must either be real positive integers or logicals.
} 
i = 1

i =

     1

subjectlist{i}

ans =

    '11-01-08.2'

multi_individualstats
==================================================================
fMRI Multisession IndividualStats start at 2017/06/07 16:45:11 
==================================================================
